22-10-27 20:15:49.188 - INFO: 14945@HainuoWang, GPU [0], Job_id 0, Job path C:\Users\14945\Desktop\MANet-main\codes
22-10-27 20:15:49.189 - INFO:   name: 001_MANet_aniso_x4_DIV2K_40_stage1
  use_tb_logger: True
  model: blind
  distortion: sr
  scale: 4
  gpu_ids: [0]
  kernel_size: 21
  code_length: 15
  sig_min: 0.7
  sig_max: 10.0
  train_noise: False
  noise_high: 15
  train_jpeg: False
  jpeg_low: 70
  sig: 1.6
  sig1: 6
  sig2: 1
  theta: 0
  rate_iso: 0
  test_noise: False
  noise: 15
  test_jpeg: False
  jpeg: 70
  pca_path: ./pca_matrix_aniso21_15_x4.pth
  cal_lr_psnr: False
  datasets:[
    train:[
      name: DIV2K
      mode: GT
      dataroot_GT: ../datasets/DIV2K_train_LR_x8
      dataroot_LQ: None
      use_shuffle: True
      n_workers: 0
      batch_size: 8
      GT_size: 192
      LR_size: None
      use_flip: True
      use_rot: True
      color: RGB
      phase: train
      scale: 4
      data_type: img
    ]
    val:[
      name: Set5
      mode: GT
      dataroot_GT: ../datasets/DIV2K_valid_LR_x8
      dataroot_LQ: None
      phase: val
      scale: 4
      data_type: img
    ]
  ]
  network_G:[
    which_model_G: MANet_s1
    in_nc: 3
    out_nc: None
    nf: None
    nb: None
    gc: None
    manet_nf: 128
    manet_nb: 1
    split: 2
    scale: 4
  ]
  path:[
    pretrain_model_G: None
    strict_load: True
    resume_state: None
    root: C:\Users\14945\Desktop\MANet-main
    experiments_root: C:\Users\14945\Desktop\MANet-main\experiments\001_MANet_aniso_x4_DIV2K_40_stage1
    models: C:\Users\14945\Desktop\MANet-main\experiments\001_MANet_aniso_x4_DIV2K_40_stage1\models
    training_state: C:\Users\14945\Desktop\MANet-main\experiments\001_MANet_aniso_x4_DIV2K_40_stage1\training_state
    log: C:\Users\14945\Desktop\MANet-main\experiments\001_MANet_aniso_x4_DIV2K_40_stage1
    val_images: C:\Users\14945\Desktop\MANet-main\experiments\001_MANet_aniso_x4_DIV2K_40_stage1\val_images
  ]
  train:[
    lr_G: 0.0002
    lr_scheme: MultiStepLR
    beta1: 0.9
    beta2: 0.999
    niter: 300000
    warmup_iter: -1
    lr_steps: [100000, 150000, 200000, 250000]
    lr_gamma: 0.5
    restarts: None
    restart_weights: None
    eta_min: 1e-07
    kernel_criterion: l1
    kernel_weight: 1.0
    manual_seed: 0
    val_freq: 5000.0
  ]
  logger:[
    print_freq: 200
    save_checkpoint_freq: 5000.0
  ]
  is_train: True
  dist: False

22-10-27 20:15:52.475 - INFO: Dataset [GTDataset - DIV2K] is created.
22-10-27 20:15:52.476 - INFO: Number of train images: 800, iters: 100
22-10-27 20:15:52.476 - INFO: Total epochs needed: 3000 for iters 300,000
22-10-27 20:15:52.477 - INFO: Dataset [GTDataset - Set5] is created.
22-10-27 20:15:52.477 - INFO: Number of val images in [Set5]: 100
22-10-27 20:15:52.584 - INFO: Network G structure: DataParallel - MANet_s1, with parameters: 1,810,361
22-10-27 20:15:52.584 - INFO: MANet_s1(
  (kernel_estimation): MANet(
    (m_head): Conv2d(3, 128, kernel_size=(3, 3), stride=(1, 1), padding=(1, 1))
    (m_down1): Sequential(
      (0): MABlock(
        (res): Sequential(
          (0): MAConv(
            (fc0): Sequential(
              (0): Conv2d(64, 32, kernel_size=(1, 1), stride=(1, 1))
              (1): ReLU(inplace=True)
              (2): Conv2d(32, 128, kernel_size=(1, 1), stride=(1, 1))
            )
            (conv0): Conv2d(64, 64, kernel_size=(3, 3), stride=(1, 1), padding=(1, 1))
            (fc1): Sequential(
              (0): Conv2d(64, 32, kernel_size=(1, 1), stride=(1, 1))
              (1): ReLU(inplace=True)
              (2): Conv2d(32, 128, kernel_size=(1, 1), stride=(1, 1))
            )
            (conv1): Conv2d(64, 64, kernel_size=(3, 3), stride=(1, 1), padding=(1, 1))
          )
          (1): ReLU(inplace=True)
          (2): MAConv(
            (fc0): Sequential(
              (0): Conv2d(64, 32, kernel_size=(1, 1), stride=(1, 1))
              (1): ReLU(inplace=True)
              (2): Conv2d(32, 128, kernel_size=(1, 1), stride=(1, 1))
            )
            (conv0): Conv2d(64, 64, kernel_size=(3, 3), stride=(1, 1), padding=(1, 1))
            (fc1): Sequential(
              (0): Conv2d(64, 32, kernel_size=(1, 1), stride=(1, 1))
              (1): ReLU(inplace=True)
              (2): Conv2d(32, 128, kernel_size=(1, 1), stride=(1, 1))
            )
            (conv1): Conv2d(64, 64, kernel_size=(3, 3), stride=(1, 1), padding=(1, 1))
          )
        )
      )
      (1): Conv2d(128, 256, kernel_size=(2, 2), stride=(2, 2))
    )
    (m_body): MABlock(
      (res): Sequential(
        (0): MAConv(
          (fc0): Sequential(
            (0): Conv2d(128, 64, kernel_size=(1, 1), stride=(1, 1))
            (1): ReLU(inplace=True)
            (2): Conv2d(64, 256, kernel_size=(1, 1), stride=(1, 1))
          )
          (conv0): Conv2d(128, 128, kernel_size=(3, 3), stride=(1, 1), padding=(1, 1))
          (fc1): Sequential(
            (0): Conv2d(128, 64, kernel_size=(1, 1), stride=(1, 1))
            (1): ReLU(inplace=True)
            (2): Conv2d(64, 256, kernel_size=(1, 1), stride=(1, 1))
          )
          (conv1): Conv2d(128, 128, kernel_size=(3, 3), stride=(1, 1), padding=(1, 1))
        )
        (1): ReLU(inplace=True)
        (2): MAConv(
          (fc0): Sequential(
            (0): Conv2d(128, 64, kernel_size=(1, 1), stride=(1, 1))
            (1): ReLU(inplace=True)
            (2): Conv2d(64, 256, kernel_size=(1, 1), stride=(1, 1))
          )
          (conv0): Conv2d(128, 128, kernel_size=(3, 3), stride=(1, 1), padding=(1, 1))
          (fc1): Sequential(
            (0): Conv2d(128, 64, kernel_size=(1, 1), stride=(1, 1))
            (1): ReLU(inplace=True)
            (2): Conv2d(64, 256, kernel_size=(1, 1), stride=(1, 1))
          )
          (conv1): Conv2d(128, 128, kernel_size=(3, 3), stride=(1, 1), padding=(1, 1))
        )
      )
    )
    (m_up1): Sequential(
      (0): ConvTranspose2d(256, 128, kernel_size=(2, 2), stride=(2, 2))
      (1): MABlock(
        (res): Sequential(
          (0): MAConv(
            (fc0): Sequential(
              (0): Conv2d(64, 32, kernel_size=(1, 1), stride=(1, 1))
              (1): ReLU(inplace=True)
              (2): Conv2d(32, 128, kernel_size=(1, 1), stride=(1, 1))
            )
            (conv0): Conv2d(64, 64, kernel_size=(3, 3), stride=(1, 1), padding=(1, 1))
            (fc1): Sequential(
              (0): Conv2d(64, 32, kernel_size=(1, 1), stride=(1, 1))
              (1): ReLU(inplace=True)
              (2): Conv2d(32, 128, kernel_size=(1, 1), stride=(1, 1))
            )
            (conv1): Conv2d(64, 64, kernel_size=(3, 3), stride=(1, 1), padding=(1, 1))
          )
          (1): ReLU(inplace=True)
          (2): MAConv(
            (fc0): Sequential(
              (0): Conv2d(64, 32, kernel_size=(1, 1), stride=(1, 1))
              (1): ReLU(inplace=True)
              (2): Conv2d(32, 128, kernel_size=(1, 1), stride=(1, 1))
            )
            (conv0): Conv2d(64, 64, kernel_size=(3, 3), stride=(1, 1), padding=(1, 1))
            (fc1): Sequential(
              (0): Conv2d(64, 32, kernel_size=(1, 1), stride=(1, 1))
              (1): ReLU(inplace=True)
              (2): Conv2d(32, 128, kernel_size=(1, 1), stride=(1, 1))
            )
            (conv1): Conv2d(64, 64, kernel_size=(3, 3), stride=(1, 1), padding=(1, 1))
          )
        )
      )
    )
    (m_tail): Conv2d(128, 441, kernel_size=(3, 3), stride=(1, 1), padding=(1, 1))
    (softmax): Softmax(dim=1)
  )
)
22-10-27 20:15:52.600 - INFO: Model [B_Model] is created.
22-10-27 20:15:52.600 - INFO: Start training from epoch: 0, iter: 0
22-10-27 20:16:35.372 - INFO: # 001_MANet_aniso_x4_DIV2K_40_stage1, Validation # PSNR_Y: 20.2121,  LR_PSNR_Y: inf,  PSNR_K: 42.0997
22-10-27 20:16:35.372 - INFO: 14945@HainuoWang, GPU [0]
22-10-27 20:17:33.385 - INFO: <epoch:  1, iter:     200, lr:2.000e-04> l_ker:2.8769e-04 
22-10-27 20:18:34.643 - INFO: <epoch:  3, iter:     400, lr:2.000e-04> l_ker:1.9671e-04 
22-10-27 20:19:34.251 - INFO: <epoch:  5, iter:     600, lr:2.000e-04> l_ker:1.7832e-04 
22-10-27 20:20:31.372 - INFO: <epoch:  7, iter:     800, lr:2.000e-04> l_ker:2.1098e-04 
22-10-27 20:21:28.708 - INFO: <epoch:  9, iter:   1,000, lr:2.000e-04> l_ker:1.7498e-04 
22-10-27 20:22:13.809 - INFO: # 001_MANet_aniso_x4_DIV2K_40_stage1, Validation # PSNR_Y: 20.2121,  LR_PSNR_Y: inf,  PSNR_K: 48.7592
22-10-27 20:22:13.810 - INFO: 14945@HainuoWang, GPU [0]
22-10-27 20:23:11.045 - INFO: <epoch: 11, iter:   1,200, lr:2.000e-04> l_ker:2.0537e-04 
22-10-27 20:24:08.181 - INFO: <epoch: 13, iter:   1,400, lr:2.000e-04> l_ker:2.4779e-04 
22-10-27 20:25:05.357 - INFO: <epoch: 15, iter:   1,600, lr:2.000e-04> l_ker:1.9150e-04 
22-10-27 20:26:02.545 - INFO: <epoch: 17, iter:   1,800, lr:2.000e-04> l_ker:1.8383e-04 
22-10-27 20:26:59.719 - INFO: <epoch: 19, iter:   2,000, lr:2.000e-04> l_ker:3.0013e-04 
22-10-27 20:27:58.304 - INFO: <epoch: 21, iter:   2,200, lr:2.000e-04> l_ker:1.8196e-04 
22-10-27 20:29:02.191 - INFO: <epoch: 23, iter:   2,400, lr:2.000e-04> l_ker:1.8073e-04 
